<?xml version="1.0" encoding="UTF-8"?>
<testsuite name="com.example.demo.ShortenApplicationTests" tests="1" skipped="0" failures="0" errors="0" timestamp="2021-08-13T00:56:04" hostname="LAPTOP-N1HNO2EV" time="0.502">
  <properties/>
  <testcase name="getCreateInfoTest()" classname="com.example.demo.ShortenApplicationTests" time="0.502"/>
  <system-out><![CDATA[09:55:57.746 [Test worker] DEBUG org.springframework.test.context.BootstrapUtils - Instantiating CacheAwareContextLoaderDelegate from class [org.springframework.test.context.cache.DefaultCacheAwareContextLoaderDelegate]
09:55:57.769 [Test worker] DEBUG org.springframework.test.context.BootstrapUtils - Instantiating BootstrapContext using constructor [public org.springframework.test.context.support.DefaultBootstrapContext(java.lang.Class,org.springframework.test.context.CacheAwareContextLoaderDelegate)]
09:55:57.828 [Test worker] DEBUG org.springframework.test.context.BootstrapUtils - Instantiating TestContextBootstrapper for test class [com.example.demo.ShortenApplicationTests] from class [org.springframework.boot.test.context.SpringBootTestContextBootstrapper]
09:55:57.849 [Test worker] INFO org.springframework.boot.test.context.SpringBootTestContextBootstrapper - Neither @ContextConfiguration nor @ContextHierarchy found for test class [com.example.demo.ShortenApplicationTests], using SpringBootContextLoader
09:55:57.856 [Test worker] DEBUG org.springframework.test.context.support.AbstractContextLoader - Did not detect default resource location for test class [com.example.demo.ShortenApplicationTests]: class path resource [com/example/demo/ShortenApplicationTests-context.xml] does not exist
09:55:57.857 [Test worker] DEBUG org.springframework.test.context.support.AbstractContextLoader - Did not detect default resource location for test class [com.example.demo.ShortenApplicationTests]: class path resource [com/example/demo/ShortenApplicationTestsContext.groovy] does not exist
09:55:57.857 [Test worker] INFO org.springframework.test.context.support.AbstractContextLoader - Could not detect default resource locations for test class [com.example.demo.ShortenApplicationTests]: no resource found for suffixes {-context.xml, Context.groovy}.
09:55:57.859 [Test worker] INFO org.springframework.test.context.support.AnnotationConfigContextLoaderUtils - Could not detect default configuration classes for test class [com.example.demo.ShortenApplicationTests]: ShortenApplicationTests does not declare any static, non-private, non-final, nested classes annotated with @Configuration.
09:55:57.932 [Test worker] DEBUG org.springframework.test.context.support.ActiveProfilesUtils - Could not find an 'annotation declaring class' for annotation type [org.springframework.test.context.ActiveProfiles] and class [com.example.demo.ShortenApplicationTests]
09:55:58.068 [Test worker] DEBUG org.springframework.context.annotation.ClassPathScanningCandidateComponentProvider - Identified candidate component class: file [C:\ShortURI\build\classes\java\main\com\example\demo\ShortenApplication.class]
09:55:58.073 [Test worker] INFO org.springframework.boot.test.context.SpringBootTestContextBootstrapper - Found @SpringBootConfiguration com.example.demo.ShortenApplication for test class com.example.demo.ShortenApplicationTests
09:55:58.273 [Test worker] DEBUG org.springframework.boot.test.context.SpringBootTestContextBootstrapper - @TestExecutionListeners is not present for class [com.example.demo.ShortenApplicationTests]: using defaults.
09:55:58.274 [Test worker] INFO org.springframework.boot.test.context.SpringBootTestContextBootstrapper - Loaded default TestExecutionListener class names from location [META-INF/spring.factories]: [org.springframework.boot.test.autoconfigure.restdocs.RestDocsTestExecutionListener, org.springframework.boot.test.autoconfigure.web.client.MockRestServiceServerResetTestExecutionListener, org.springframework.boot.test.autoconfigure.web.servlet.MockMvcPrintOnlyOnFailureTestExecutionListener, org.springframework.boot.test.autoconfigure.web.servlet.WebDriverTestExecutionListener, org.springframework.boot.test.autoconfigure.webservices.client.MockWebServiceServerTestExecutionListener, org.springframework.boot.test.mock.mockito.MockitoTestExecutionListener, org.springframework.boot.test.mock.mockito.ResetMocksTestExecutionListener, org.springframework.test.context.web.ServletTestExecutionListener, org.springframework.test.context.support.DirtiesContextBeforeModesTestExecutionListener, org.springframework.test.context.event.ApplicationEventsTestExecutionListener, org.springframework.test.context.support.DependencyInjectionTestExecutionListener, org.springframework.test.context.support.DirtiesContextTestExecutionListener, org.springframework.test.context.transaction.TransactionalTestExecutionListener, org.springframework.test.context.jdbc.SqlScriptsTestExecutionListener, org.springframework.test.context.event.EventPublishingTestExecutionListener]
09:55:58.309 [Test worker] INFO org.springframework.boot.test.context.SpringBootTestContextBootstrapper - Using TestExecutionListeners: [org.springframework.test.context.web.ServletTestExecutionListener@6c3b88c4, org.springframework.test.context.support.DirtiesContextBeforeModesTestExecutionListener@ecbf470, org.springframework.test.context.event.ApplicationEventsTestExecutionListener@431056, org.springframework.boot.test.mock.mockito.MockitoTestExecutionListener@209b635b, org.springframework.boot.test.autoconfigure.SpringBootDependencyInjectionTestExecutionListener@10d6b224, org.springframework.test.context.support.DirtiesContextTestExecutionListener@416fac3a, org.springframework.test.context.transaction.TransactionalTestExecutionListener@59b6d5e1, org.springframework.test.context.jdbc.SqlScriptsTestExecutionListener@22ccf437, org.springframework.test.context.event.EventPublishingTestExecutionListener@72e25d8, org.springframework.boot.test.autoconfigure.restdocs.RestDocsTestExecutionListener@3b9c477b, org.springframework.boot.test.autoconfigure.web.client.MockRestServiceServerResetTestExecutionListener@54ea8434, org.springframework.boot.test.autoconfigure.web.servlet.MockMvcPrintOnlyOnFailureTestExecutionListener@11c2afd2, org.springframework.boot.test.autoconfigure.web.servlet.WebDriverTestExecutionListener@673448d7, org.springframework.boot.test.autoconfigure.webservices.client.MockWebServiceServerTestExecutionListener@3e4a6cd5, org.springframework.boot.test.mock.mockito.ResetMocksTestExecutionListener@3e81840c]
09:55:58.322 [Test worker] DEBUG org.springframework.test.context.support.AbstractDirtiesContextTestExecutionListener - Before test class: context [DefaultTestContext@6312ef8d testClass = ShortenApplicationTests, testInstance = [null], testMethod = [null], testException = [null], mergedContextConfiguration = [WebMergedContextConfiguration@463f301f testClass = ShortenApplicationTests, locations = '{}', classes = '{class com.example.demo.ShortenApplication}', contextInitializerClasses = '[]', activeProfiles = '{}', propertySourceLocations = '{}', propertySourceProperties = '{org.springframework.boot.test.context.SpringBootTestContextBootstrapper=true}', contextCustomizers = set[org.springframework.boot.test.autoconfigure.actuate.metrics.MetricsExportContextCustomizerFactory$DisableMetricExportContextCustomizer@40e09801, org.springframework.boot.test.autoconfigure.properties.PropertyMappingContextCustomizer@0, org.springframework.boot.test.autoconfigure.web.servlet.WebDriverContextCustomizerFactory$Customizer@47fb1795, org.springframework.boot.test.context.filter.ExcludeFilterContextCustomizer@62d5c6c2, org.springframework.boot.test.json.DuplicateJsonObjectContextCustomizerFactory$DuplicateJsonObjectContextCustomizer@1807f828, org.springframework.boot.test.mock.mockito.MockitoContextCustomizer@0, org.springframework.boot.test.web.client.TestRestTemplateContextCustomizer@630431d6, org.springframework.boot.test.context.SpringBootTestArgs@1, org.springframework.boot.test.context.SpringBootTestWebEnvironment@558707a5], resourceBasePath = 'src/main/webapp', contextLoader = 'org.springframework.boot.test.context.SpringBootContextLoader', parent = [null]], attributes = map['org.springframework.test.context.web.ServletTestExecutionListener.activateListener' -> true]], class annotated with @DirtiesContext [false] with mode [null].
09:55:58.382 [Test worker] DEBUG org.springframework.test.context.support.TestPropertySourceUtils - Adding inlined properties to environment: {spring.jmx.enabled=false, org.springframework.boot.test.context.SpringBootTestContextBootstrapper=true}

  .   ____          _            __ _ _
 /\\ / ___'_ __ _ _(_)_ __  __ _ \ \ \ \
( ( )\___ | '_ | '_| | '_ \/ _` | \ \ \ \
 \\/  ___)| |_)| | | | | || (_| |  ) ) ) )
  '  |____| .__|_| |_|_| |_\__, | / / / /
 =========|_|==============|___/=/_/_/_/
 :: Spring Boot ::                (v2.5.3)

2021-08-13 09:55:58.941  INFO 15204 --- [    Test worker] c.example.demo.ShortenApplicationTests   : Starting ShortenApplicationTests using Java 11.0.11 on LAPTOP-N1HNO2EV with PID 15204 (started by ghkdw in C:\ShortURI)
2021-08-13 09:55:58.946  INFO 15204 --- [    Test worker] c.example.demo.ShortenApplicationTests   : No active profile set, falling back to default profiles: default
2021-08-13 09:56:00.286  INFO 15204 --- [    Test worker] .s.d.r.c.RepositoryConfigurationDelegate : Bootstrapping Spring Data JPA repositories in DEFAULT mode.
2021-08-13 09:56:00.383  INFO 15204 --- [    Test worker] .s.d.r.c.RepositoryConfigurationDelegate : Finished Spring Data repository scanning in 84 ms. Found 1 JPA repository interfaces.
2021-08-13 09:56:01.373  INFO 15204 --- [    Test worker] o.hibernate.jpa.internal.util.LogHelper  : HHH000204: Processing PersistenceUnitInfo [name: default]
2021-08-13 09:56:01.472  INFO 15204 --- [    Test worker] org.hibernate.Version                    : HHH000412: Hibernate ORM core version 5.4.32.Final
2021-08-13 09:56:01.762  INFO 15204 --- [    Test worker] o.hibernate.annotations.common.Version   : HCANN000001: Hibernate Commons Annotations {5.1.2.Final}
2021-08-13 09:56:01.945  INFO 15204 --- [    Test worker] com.zaxxer.hikari.HikariDataSource       : HikariPool-1 - Starting...
2021-08-13 09:56:02.035  INFO 15204 --- [    Test worker] com.zaxxer.hikari.HikariDataSource       : HikariPool-1 - Start completed.
2021-08-13 09:56:02.092  INFO 15204 --- [    Test worker] org.hibernate.dialect.Dialect            : HHH000400: Using dialect: org.hibernate.dialect.H2Dialect
2021-08-13 09:56:03.040  INFO 15204 --- [    Test worker] o.h.e.t.j.p.i.JtaPlatformInitiator       : HHH000490: Using JtaPlatform implementation: [org.hibernate.engine.transaction.jta.platform.internal.NoJtaPlatform]
2021-08-13 09:56:03.063  INFO 15204 --- [    Test worker] j.LocalContainerEntityManagerFactoryBean : Initialized JPA EntityManagerFactory for persistence unit 'default'
2021-08-13 09:56:03.939  WARN 15204 --- [    Test worker] JpaBaseConfiguration$JpaWebConfiguration : spring.jpa.open-in-view is enabled by default. Therefore, database queries may be performed during view rendering. Explicitly configure spring.jpa.open-in-view to disable this warning
2021-08-13 09:56:04.915  INFO 15204 --- [    Test worker] c.example.demo.ShortenApplicationTests   : Started ShortenApplicationTests in 6.52 seconds (JVM running for 9.427)
Hibernate: insert into urlstore (id, hashvalue, originurl) values (null, ?, ?)
Hibernate: select url0_.id as col_0_0_ from urlstore url0_ where url0_.hashvalue=? limit ?
Hibernate: select url0_.id as id1_0_0_, url0_.hashvalue as hashvalu2_0_0_, url0_.originurl as originur3_0_0_ from urlstore url0_ where url0_.id=?
Hibernate: update urlstore set hashvalue=?, originurl=? where id=?
2021-08-13 09:56:05.421  INFO 15204 --- [    Test worker] c.example.demo.ShortenApplicationTests   : https://daum.net
2021-08-13 09:56:05.422  INFO 15204 --- [    Test worker] c.example.demo.ShortenApplicationTests   : b7a493546e
]]></system-out>
  <system-err><![CDATA[]]></system-err>
</testsuite>
